#
# A fatal error has been detected by the Java Runtime Environment:
#
#  EXCEPTION_ACCESS_VIOLATION (0xc0000005) at pc=0x000000006610d3d6, pid=19616, tid=0x00000000000035c4
#
# JRE version: Java(TM) SE Runtime Environment (8.0_261-b12) (build 1.8.0_261-b12)
# Java VM: Java HotSpot(TM) 64-Bit Server VM (25.261-b12 mixed mode windows-amd64 compressed oops)
# Problematic frame:
# V  [jvm.dll+0x13d3d6]
#
# Failed to write core dump. Minidumps are not enabled by default on client versions of Windows
#
# If you would like to submit a bug report, please visit:
#   http://bugreport.java.com/bugreport/crash.jsp
#

---------------  T H R E A D  ---------------

Current thread (0x0000021aef207800):  VMThread [stack: 0x00000048b2100000,0x00000048b2200000] [id=13764]

siginfo: ExceptionCode=0xc0000005, reading address 0x000000000000006a

Registers:
RAX=0x00000000665f9438, RBX=0x0000000000000002, RCX=0x0000000066770160, RDX=0x0000021af29f5440
RSP=0x00000048b21ff280, RBP=0x00000048b21ff2f0, RSI=0x00000007c04809f8, RDI=0x0000000066770160
R8 =0x0000000000000000, R9 =0x00000000000001fe, R10=0x0000000000000000, R11=0x00000048b21ff208
R12=0x00000000665a8520, R13=0x0000000066770090, R14=0x0000000000000001, R15=0x0000000000000000
RIP=0x000000006610d3d6, EFLAGS=0x0000000000010202

Top of Stack: (sp=0x00000048b21ff280)
0x00000048b21ff280:   00000048b21ff2f0 0000000000000001
0x00000048b21ff290:   0000000000000000 00000007c000d8b8
0x00000048b21ff2a0:   00000000665a8520 00000000000001fe
0x00000048b21ff2b0:   ffffffffffffff00 0000000000000004
0x00000048b21ff2c0:   0000000000000181 0000000000000000
0x00000048b21ff2d0:   0000000000000000 0000021af29f5440
0x00000048b21ff2e0:   0000000000000000 0000000000000000
0x00000048b21ff2f0:   0000000066770100 0000000000000000
0x00000048b21ff300:   00000048b21ff410 00000000663b0a46
0x00000048b21ff310:   0000021aef056610 0000000000000008
0x00000048b21ff320:   00000000665f94b8 0000000000000000
0x00000048b21ff330:   0000000066770090 0000000000000005
0x00000048b21ff340:   0000000066770090 0000000700000005
0x00000048b21ff350:   00000000665f8198 0000021aef1e2fe0
0x00000048b21ff360:   00000000665f81a8 0000000066245600
0x00000048b21ff370:   0000021aef1e2fe0 0000000000000000 

Instructions: (pc=0x000000006610d3d6)
0x000000006610d3b6:   d0 48 ff c8 48 89 45 d0 48 8b 34 c2 48 8b 5e 78
0x000000006610d3c6:   48 85 db 74 21 0f 1f 44 00 00 48 8b 07 48 8b cf
0x000000006610d3d6:   48 8b 53 68 ff 10 84 c0 75 0c 48 8b 9b 80 00 00
0x000000006610d3e6:   00 48 85 db 75 e4 48 89 5e 78 48 85 db 74 79 48 


Register to memory mapping:

RAX=0x00000000665f9438 is an unknown value
RBX=0x0000000000000002 is an unknown value
RCX=0x0000000066770160 is an unknown value
RDX=0x0000021af29f5440 is an unknown value
RSP=0x00000048b21ff280 is an unknown value
RBP=0x00000048b21ff2f0 is an unknown value
RSI=0x00000007c04809f8 is pointing into metadata
RDI=0x0000000066770160 is an unknown value
R8 =0x0000000000000000 is an unknown value
R9 =0x00000000000001fe is an unknown value
R10=0x0000000000000000 is an unknown value
R11=0x00000048b21ff208 is an unknown value
R12=0x00000000665a8520 is an unknown value
R13=0x0000000066770090 is an unknown value
R14=0x0000000000000001 is an unknown value
R15=0x0000000000000000 is an unknown value


Stack: [0x00000048b2100000,0x00000048b2200000],  sp=0x00000048b21ff280,  free space=1020k
Native frames: (J=compiled Java code, j=interpreted, Vv=VM code, C=native code)
V  [jvm.dll+0x13d3d6]
V  [jvm.dll+0x3e0a46]
V  [jvm.dll+0x3dff9a]
V  [jvm.dll+0x3dfa2b]
V  [jvm.dll+0xc67e4]
V  [jvm.dll+0x298e09]
V  [jvm.dll+0x255637]
V  [jvm.dll+0x253da5]
V  [jvm.dll+0x25454e]
V  [jvm.dll+0x25482c]
V  [jvm.dll+0x2a1cfc]
C  [ucrtbase.dll+0x21bb2]
C  [KERNEL32.DLL+0x174b4]
C  [ntdll.dll+0x526a1]

VM_Operation (0x00000048b30fdb10): CollectForMetadataAllocation, mode: safepoint, requested by thread 0x0000021af2f82000


---------------  P R O C E S S  ---------------

Java Threads: ( => current thread )
  0x0000021af2f9a800 JavaThread "DestroyJavaVM" [_thread_blocked, id=20148, stack(0x00000048b1800000,0x00000048b1900000)]
  0x0000021af2f98000 JavaThread "http-nio-8080-Acceptor" daemon [_thread_in_native, id=24592, stack(0x00000048b3a00000,0x00000048b3b00000)]
  0x0000021af12e1000 JavaThread "http-nio-8080-Poller" daemon [_thread_blocked, id=23208, stack(0x00000048b3900000,0x00000048b3a00000)]
  0x0000021af12e0000 JavaThread "http-nio-8080-exec-10" daemon [_thread_blocked, id=2856, stack(0x00000048b3800000,0x00000048b3900000)]
  0x0000021af12e1800 JavaThread "http-nio-8080-exec-9" daemon [_thread_blocked, id=17256, stack(0x00000048b3700000,0x00000048b3800000)]
  0x0000021af12e3000 JavaThread "http-nio-8080-exec-8" daemon [_thread_blocked, id=24740, stack(0x00000048b3600000,0x00000048b3700000)]
  0x0000021af12e2800 JavaThread "http-nio-8080-exec-7" daemon [_thread_blocked, id=6316, stack(0x00000048b3500000,0x00000048b3600000)]
  0x0000021af2f8b800 JavaThread "http-nio-8080-exec-6" daemon [_thread_blocked, id=24060, stack(0x00000048b3400000,0x00000048b3500000)]
  0x0000021af2f87000 JavaThread "http-nio-8080-exec-5" daemon [_thread_blocked, id=12848, stack(0x00000048b3300000,0x00000048b3400000)]
  0x0000021af2f86000 JavaThread "http-nio-8080-exec-4" daemon [_thread_blocked, id=20996, stack(0x00000048b3200000,0x00000048b3300000)]
  0x0000021af2f83000 JavaThread "http-nio-8080-exec-3" daemon [_thread_blocked, id=17628, stack(0x00000048b3100000,0x00000048b3200000)]
  0x0000021af2f82000 JavaThread "http-nio-8080-exec-2" daemon [_thread_blocked, id=13152, stack(0x00000048b3000000,0x00000048b3100000)]
  0x0000021af2f81800 JavaThread "http-nio-8080-exec-1" daemon [_thread_blocked, id=3588, stack(0x00000048b2f00000,0x00000048b3000000)]
  0x0000021af2e0a800 JavaThread "container-0" [_thread_blocked, id=25020, stack(0x00000048b2e00000,0x00000048b2f00000)]
  0x0000021af12e6800 JavaThread "Catalina-utility-2" [_thread_blocked, id=19380, stack(0x00000048b2d00000,0x00000048b2e00000)]
  0x0000021af132e000 JavaThread "Catalina-utility-1" [_thread_blocked, id=12540, stack(0x00000048b2c00000,0x00000048b2d00000)]
  0x0000021af10ed000 JavaThread "Service Thread" daemon [_thread_blocked, id=22924, stack(0x00000048b2a00000,0x00000048b2b00000)]
  0x0000021aef274000 JavaThread "C1 CompilerThread3" daemon [_thread_blocked, id=20044, stack(0x00000048b2900000,0x00000048b2a00000)]
  0x0000021aef26e000 JavaThread "C2 CompilerThread2" daemon [_thread_blocked, id=16128, stack(0x00000048b2800000,0x00000048b2900000)]
  0x0000021aef26d000 JavaThread "C2 CompilerThread1" daemon [_thread_blocked, id=8416, stack(0x00000048b2700000,0x00000048b2800000)]
  0x0000021aef26b800 JavaThread "C2 CompilerThread0" daemon [_thread_blocked, id=20560, stack(0x00000048b2600000,0x00000048b2700000)]
  0x0000021aef26a800 JavaThread "Attach Listener" daemon [_thread_blocked, id=21680, stack(0x00000048b2500000,0x00000048b2600000)]
  0x0000021aef26a000 JavaThread "Signal Dispatcher" daemon [_thread_blocked, id=1804, stack(0x00000048b2400000,0x00000048b2500000)]
  0x0000021aef236800 JavaThread "Finalizer" daemon [_thread_blocked, id=24508, stack(0x00000048b2300000,0x00000048b2400000)]
  0x0000021aef22f000 JavaThread "Reference Handler" daemon [_thread_blocked, id=22256, stack(0x00000048b2200000,0x00000048b2300000)]

Other Threads:
=>0x0000021aef207800 VMThread [stack: 0x00000048b2100000,0x00000048b2200000] [id=13764]
  0x0000021af10ff000 WatcherThread [stack: 0x00000048b2b00000,0x00000048b2c00000] [id=11280]

VM state:at safepoint (normal execution)

VM Mutex/Monitor currently owned by a thread:  ([mutex/lock_event])
[0x0000021ad464aa60] Threads_lock - owner thread: 0x0000021aef207800
[0x0000021ad4655fb0] Heap_lock - owner thread: 0x0000021af2f82000

heap address: 0x00000006c2e00000, size: 4050 MB, Compressed Oops mode: Zero based, Oop shift amount: 3
Narrow klass base: 0x0000000000000000, Narrow klass shift: 3
Compressed class space size: 1073741824 Address: 0x00000007c0000000

Heap:
 PSYoungGen      total 75776K, used 10734K [0x000000076ba00000, 0x0000000772200000, 0x00000007c0000000)
  eden space 65024K, 0% used [0x000000076ba00000,0x000000076ba00000,0x000000076f980000)
  from space 10752K, 99% used [0x0000000771780000,0x00000007721fb8a8,0x0000000772200000)
  to   space 10752K, 0% used [0x000000076f980000,0x000000076f980000,0x0000000770400000)
 ParOldGen       total 117760K, used 11540K [0x00000006c2e00000, 0x00000006ca100000, 0x000000076ba00000)
  object space 117760K, 9% used [0x00000006c2e00000,0x00000006c39453c0,0x00000006ca100000)
 Metaspace       used 32981K, capacity 35334K, committed 35456K, reserved 1079296K
  class space    used 4433K, capacity 4877K, committed 4992K, reserved 1048576K

Card table byte_map: [0x0000021ae5420000,0x0000021ae5c10000] byte_map_base: 0x0000021ae1e09000

Marking Bits: (ParMarkBitMap*) 0x00000000667c4fb0
 Begin Bits: [0x0000021ae6160000, 0x0000021aea0a8000)
 End Bits:   [0x0000021aea0a8000, 0x0000021aedff0000)

Polling page: 0x0000021ad4810000

CodeCache: size=245760Kb used=6655Kb max_used=6655Kb free=239104Kb
 bounds [0x0000021ad6060000, 0x0000021ad66e0000, 0x0000021ae5060000]
 total_blobs=3778 nmethods=3336 adapters=354
 compilation: enabled

Compilation events (10 events):
Event: 224.041 Thread 0x0000021aef274000 3332       1       org.apache.coyote.Response::getWriteListener (5 bytes)
Event: 224.041 Thread 0x0000021aef274000 nmethod 3332 0x0000021ad66de350 code [0x0000021ad66de4a0, 0x0000021ad66de5b8]
Event: 225.656 Thread 0x0000021aef274000 3333       1       java.nio.HeapByteBuffer::put (17 bytes)
Event: 225.656 Thread 0x0000021aef274000 nmethod 3333 0x0000021ad66def50 code [0x0000021ad66df0a0, 0x0000021ad66df1f8]
Event: 225.656 Thread 0x0000021aef274000 3334   !   1       org.apache.tomcat.util.http.parser.HttpParser::isControl (9 bytes)
Event: 225.656 Thread 0x0000021aef274000 nmethod 3334 0x0000021ad66df350 code [0x0000021ad66df4a0, 0x0000021ad66df5f8]
Event: 225.656 Thread 0x0000021aef274000 3336       1       org.apache.tomcat.util.buf.Ascii::toLower (14 bytes)
Event: 225.656 Thread 0x0000021aef274000 nmethod 3336 0x0000021ad66df710 code [0x0000021ad66df860, 0x0000021ad66df998]
Event: 225.656 Thread 0x0000021aef274000 3335   !   1       org.apache.tomcat.util.http.parser.HttpParser::isToken (9 bytes)
Event: 225.656 Thread 0x0000021aef274000 nmethod 3335 0x0000021ad66dfa50 code [0x0000021ad66dfba0, 0x0000021ad66dfcf8]

GC Heap History (10 events):
Event: 0.624 GC heap after
Heap after GC invocations=1 (full 0):
 PSYoungGen      total 75776K, used 10747K [0x000000076ba00000, 0x0000000770e80000, 0x00000007c0000000)
  eden space 65024K, 0% used [0x000000076ba00000,0x000000076ba00000,0x000000076f980000)
  from space 10752K, 99% used [0x000000076f980000,0x00000007703fef60,0x0000000770400000)
  to   space 10752K, 0% used [0x0000000770400000,0x0000000770400000,0x0000000770e80000)
 ParOldGen       total 173568K, used 790K [0x00000006c2e00000, 0x00000006cd780000, 0x000000076ba00000)
  object space 173568K, 0% used [0x00000006c2e00000,0x00000006c2ec59a0,0x00000006cd780000)
 Metaspace       used 15982K, capacity 16780K, committed 16896K, reserved 1064960K
  class space    used 2071K, capacity 2268K, committed 2304K, reserved 1048576K
}
Event: 0.976 GC heap before
{Heap before GC invocations=2 (full 0):
 PSYoungGen      total 75776K, used 68896K [0x000000076ba00000, 0x0000000770e80000, 0x00000007c0000000)
  eden space 65024K, 89% used [0x000000076ba00000,0x000000076f2c9320,0x000000076f980000)
  from space 10752K, 99% used [0x000000076f980000,0x00000007703fef60,0x0000000770400000)
  to   space 10752K, 0% used [0x0000000770400000,0x0000000770400000,0x0000000770e80000)
 ParOldGen       total 173568K, used 790K [0x00000006c2e00000, 0x00000006cd780000, 0x000000076ba00000)
  object space 173568K, 0% used [0x00000006c2e00000,0x00000006c2ec59a0,0x00000006cd780000)
 Metaspace       used 20149K, capacity 21278K, committed 21296K, reserved 1067008K
  class space    used 2693K, capacity 2935K, committed 2944K, reserved 1048576K
Event: 0.983 GC heap after
Heap after GC invocations=2 (full 0):
 PSYoungGen      total 75776K, used 10746K [0x000000076ba00000, 0x0000000774e00000, 0x00000007c0000000)
  eden space 65024K, 0% used [0x000000076ba00000,0x000000076ba00000,0x000000076f980000)
  from space 10752K, 99% used [0x0000000770400000,0x0000000770e7ea50,0x0000000770e80000)
  to   space 10752K, 0% used [0x000000076f980000,0x000000076f980000,0x0000000770400000)
 ParOldGen       total 173568K, used 1285K [0x00000006c2e00000, 0x00000006cd780000, 0x000000076ba00000)
  object space 173568K, 0% used [0x00000006c2e00000,0x00000006c2f41480,0x00000006cd780000)
 Metaspace       used 20149K, capacity 21278K, committed 21296K, reserved 1067008K
  class space    used 2693K, capacity 2935K, committed 2944K, reserved 1048576K
}
Event: 0.983 GC heap before
{Heap before GC invocations=3 (full 1):
 PSYoungGen      total 75776K, used 10746K [0x000000076ba00000, 0x0000000774e00000, 0x00000007c0000000)
  eden space 65024K, 0% used [0x000000076ba00000,0x000000076ba00000,0x000000076f980000)
  from space 10752K, 99% used [0x0000000770400000,0x0000000770e7ea50,0x0000000770e80000)
  to   space 10752K, 0% used [0x000000076f980000,0x000000076f980000,0x0000000770400000)
 ParOldGen       total 173568K, used 1285K [0x00000006c2e00000, 0x00000006cd780000, 0x000000076ba00000)
  object space 173568K, 0% used [0x00000006c2e00000,0x00000006c2f41480,0x00000006cd780000)
 Metaspace       used 20149K, capacity 21278K, committed 21296K, reserved 1067008K
  class space    used 2693K, capacity 2935K, committed 2944K, reserved 1048576K
Event: 1.005 GC heap after
Heap after GC invocations=3 (full 1):
 PSYoungGen      total 75776K, used 0K [0x000000076ba00000, 0x0000000774e00000, 0x00000007c0000000)
  eden space 65024K, 0% used [0x000000076ba00000,0x000000076ba00000,0x000000076f980000)
  from space 10752K, 0% used [0x0000000770400000,0x0000000770400000,0x0000000770e80000)
  to   space 10752K, 0% used [0x000000076f980000,0x000000076f980000,0x0000000770400000)
 ParOldGen       total 117760K, used 10889K [0x00000006c2e00000, 0x00000006ca100000, 0x000000076ba00000)
  object space 117760K, 9% used [0x00000006c2e00000,0x00000006c38a2528,0x00000006ca100000)
 Metaspace       used 20149K, capacity 21278K, committed 21296K, reserved 1067008K
  class space    used 2693K, capacity 2935K, committed 2944K, reserved 1048576K
}
Event: 2.383 GC heap before
{Heap before GC invocations=4 (full 1):
 PSYoungGen      total 75776K, used 65024K [0x000000076ba00000, 0x0000000774e00000, 0x00000007c0000000)
  eden space 65024K, 100% used [0x000000076ba00000,0x000000076f980000,0x000000076f980000)
  from space 10752K, 0% used [0x0000000770400000,0x0000000770400000,0x0000000770e80000)
  to   space 10752K, 0% used [0x000000076f980000,0x000000076f980000,0x0000000770400000)
 ParOldGen       total 117760K, used 10889K [0x00000006c2e00000, 0x00000006ca100000, 0x000000076ba00000)
  object space 117760K, 9% used [0x00000006c2e00000,0x00000006c38a2528,0x00000006ca100000)
 Metaspace       used 27077K, capacity 28944K, committed 29184K, reserved 1075200K
  class space    used 3664K, capacity 4024K, committed 4096K, reserved 1048576K
Event: 2.388 GC heap after
Heap after GC invocations=4 (full 1):
 PSYoungGen      total 75776K, used 9557K [0x000000076ba00000, 0x0000000772200000, 0x00000007c0000000)
  eden space 65024K, 0% used [0x000000076ba00000,0x000000076ba00000,0x000000076f980000)
  from space 10752K, 88% used [0x000000076f980000,0x00000007702d5500,0x0000000770400000)
  to   space 10752K, 0% used [0x0000000771780000,0x0000000771780000,0x0000000772200000)
 ParOldGen       total 117760K, used 10897K [0x00000006c2e00000, 0x00000006ca100000, 0x000000076ba00000)
  object space 117760K, 9% used [0x00000006c2e00000,0x00000006c38a4528,0x00000006ca100000)
 Metaspace       used 27077K, capacity 28944K, committed 29184K, reserved 1075200K
  class space    used 3664K, capacity 4024K, committed 4096K, reserved 1048576K
}
Event: 225.659 GC heap before
{Heap before GC invocations=5 (full 1):
 PSYoungGen      total 75776K, used 57537K [0x000000076ba00000, 0x0000000772200000, 0x00000007c0000000)
  eden space 65024K, 73% used [0x000000076ba00000,0x000000076e8db0c0,0x000000076f980000)
  from space 10752K, 88% used [0x000000076f980000,0x00000007702d5500,0x0000000770400000)
  to   space 10752K, 0% used [0x0000000771780000,0x0000000771780000,0x0000000772200000)
 ParOldGen       total 117760K, used 10897K [0x00000006c2e00000, 0x00000006ca100000, 0x000000076ba00000)
  object space 117760K, 9% used [0x00000006c2e00000,0x00000006c38a4528,0x00000006ca100000)
 Metaspace       used 32981K, capacity 35334K, committed 35456K, reserved 1079296K
  class space    used 4433K, capacity 4877K, committed 4992K, reserved 1048576K
Event: 225.671 GC heap after
Heap after GC invocations=5 (full 1):
 PSYoungGen      total 75776K, used 10734K [0x000000076ba00000, 0x0000000772200000, 0x00000007c0000000)
  eden space 65024K, 0% used [0x000000076ba00000,0x000000076ba00000,0x000000076f980000)
  from space 10752K, 99% used [0x0000000771780000,0x00000007721fb8a8,0x0000000772200000)
  to   space 10752K, 0% used [0x000000076f980000,0x000000076f980000,0x0000000770400000)
 ParOldGen       total 117760K, used 11540K [0x00000006c2e00000, 0x00000006ca100000, 0x000000076ba00000)
  object space 117760K, 9% used [0x00000006c2e00000,0x00000006c39453c0,0x00000006ca100000)
 Metaspace       used 32981K, capacity 35334K, committed 35456K, reserved 1079296K
  class space    used 4433K, capacity 4877K, committed 4992K, reserved 1048576K
}
Event: 225.671 GC heap before
{Heap before GC invocations=6 (full 2):
 PSYoungGen      total 75776K, used 10734K [0x000000076ba00000, 0x0000000772200000, 0x00000007c0000000)
  eden space 65024K, 0% used [0x000000076ba00000,0x000000076ba00000,0x000000076f980000)
  from space 10752K, 99% used [0x0000000771780000,0x00000007721fb8a8,0x0000000772200000)
  to   space 10752K, 0% used [0x000000076f980000,0x000000076f980000,0x0000000770400000)
 ParOldGen       total 117760K, used 11540K [0x00000006c2e00000, 0x00000006ca100000, 0x000000076ba00000)
  object space 117760K, 9% used [0x00000006c2e00000,0x00000006c39453c0,0x00000006ca100000)
 Metaspace       used 32981K, capacity 35334K, committed 35456K, reserved 1079296K
  class space    used 4433K, capacity 4877K, committed 4992K, reserved 1048576K

Deoptimization events (0 events):
No events

Classes redefined (0 events):
No events

Internal exceptions (10 events):
Event: 223.977 Thread 0x0000021af2f81800 Exception <a 'java/lang/ArrayIndexOutOfBoundsException'> (0x000000076e213c68) thrown at [C:\jenkins\workspace\8-2-build-windows-amd64-cygwin\jdk8u261\295\hotspot\src\share\vm\runtime\sharedRuntime.cpp, line 605]
Event: 223.977 Thread 0x0000021af2f81800 Exception <a 'java/lang/ArrayIndexOutOfBoundsException'> (0x000000076e2153f8) thrown at [C:\jenkins\workspace\8-2-build-windows-amd64-cygwin\jdk8u261\295\hotspot\src\share\vm\runtime\sharedRuntime.cpp, line 605]
Event: 223.978 Thread 0x0000021af2f81800 Exception <a 'java/lang/ArrayIndexOutOfBoundsException'> (0x000000076e21d9d0) thrown at [C:\jenkins\workspace\8-2-build-windows-amd64-cygwin\jdk8u261\295\hotspot\src\share\vm\runtime\sharedRuntime.cpp, line 605]
Event: 223.978 Thread 0x0000021af2f81800 Exception <a 'java/lang/ArrayIndexOutOfBoundsException'> (0x000000076e21faf0) thrown at [C:\jenkins\workspace\8-2-build-windows-amd64-cygwin\jdk8u261\295\hotspot\src\share\vm\runtime\sharedRuntime.cpp, line 605]
Event: 224.003 Thread 0x0000021af2f81800 Exception <a 'java/lang/ArrayIndexOutOfBoundsException'> (0x000000076e52fbe8) thrown at [C:\jenkins\workspace\8-2-build-windows-amd64-cygwin\jdk8u261\295\hotspot\src\share\vm\runtime\sharedRuntime.cpp, line 605]
Event: 224.004 Thread 0x0000021af2f81800 Exception <a 'java/lang/ArrayIndexOutOfBoundsException'> (0x000000076e538330) thrown at [C:\jenkins\workspace\8-2-build-windows-amd64-cygwin\jdk8u261\295\hotspot\src\share\vm\runtime\sharedRuntime.cpp, line 605]
Event: 224.009 Thread 0x0000021af2f81800 Exception <a 'java/lang/ArrayIndexOutOfBoundsException'> (0x000000076e5e93e0) thrown at [C:\jenkins\workspace\8-2-build-windows-amd64-cygwin\jdk8u261\295\hotspot\src\share\vm\runtime\sharedRuntime.cpp, line 605]
Event: 224.009 Thread 0x0000021af2f81800 Exception <a 'java/lang/ArrayIndexOutOfBoundsException'> (0x000000076e5eab70) thrown at [C:\jenkins\workspace\8-2-build-windows-amd64-cygwin\jdk8u261\295\hotspot\src\share\vm\runtime\sharedRuntime.cpp, line 605]
Event: 224.018 Thread 0x0000021af2f81800 Exception <a 'java/lang/ArrayIndexOutOfBoundsException'> (0x000000076e6eeea0) thrown at [C:\jenkins\workspace\8-2-build-windows-amd64-cygwin\jdk8u261\295\hotspot\src\share\vm\runtime\sharedRuntime.cpp, line 605]
Event: 224.019 Thread 0x0000021af2f81800 Exception <a 'java/lang/ArrayIndexOutOfBoundsException'> (0x000000076e6f22a0) thrown at [C:\jenkins\workspace\8-2-build-windows-amd64-cygwin\jdk8u261\295\hotspot\src\share\vm\runtime\sharedRuntime.cpp, line 605]

Events (10 events):
Event: 225.655 Executing VM operation: RevokeBias done
Event: 225.656 loading class org/apache/tomcat/util/http/parser/AcceptLanguage
Event: 225.656 loading class org/apache/tomcat/util/http/parser/AcceptLanguage done
Event: 225.657 loading class sun/util/locale/ParseStatus
Event: 225.658 loading class sun/util/locale/ParseStatus done
Event: 225.658 loading class sun/util/locale/StringTokenIterator
Event: 225.658 loading class sun/util/locale/StringTokenIterator done
Event: 225.658 loading class sun/util/locale/InternalLocaleBuilder
Event: 225.659 Executing VM operation: RevokeBias
Event: 225.659 loading class sun/util/locale/InternalLocaleBuilder done


Dynamic libraries:
0x00007ff73deb0000 - 0x00007ff73def7000 	C:\Program Files\Java\jdk1.8.0_261\jre\bin\java.exe
0x00007ffa61210000 - 0x00007ffa61408000 	C:\WINDOWS\SYSTEM32\ntdll.dll
0x00007ffa25730000 - 0x00007ffa25747000 	C:\Program Files\Avast Software\Avast\aswhook.dll
0x00007ffa60710000 - 0x00007ffa607cf000 	C:\WINDOWS\System32\KERNEL32.DLL
0x00007ffa5ed20000 - 0x00007ffa5eff2000 	C:\WINDOWS\System32\KERNELBASE.dll
0x00007ffa60e70000 - 0x00007ffa60f1e000 	C:\WINDOWS\System32\ADVAPI32.dll
0x00007ffa605b0000 - 0x00007ffa6064e000 	C:\WINDOWS\System32\msvcrt.dll
0x00007ffa607d0000 - 0x00007ffa6086c000 	C:\WINDOWS\System32\sechost.dll
0x00007ffa602d0000 - 0x00007ffa603f5000 	C:\WINDOWS\System32\RPCRT4.dll
0x00007ffa60f50000 - 0x00007ffa610ed000 	C:\WINDOWS\System32\USER32.dll
0x00007ffa5ea00000 - 0x00007ffa5ea22000 	C:\WINDOWS\System32\win32u.dll
0x00007ffa60f20000 - 0x00007ffa60f4b000 	C:\WINDOWS\System32\GDI32.dll
0x00007ffa5f0b0000 - 0x00007ffa5f1bf000 	C:\WINDOWS\System32\gdi32full.dll
0x00007ffa5f1c0000 - 0x00007ffa5f25d000 	C:\WINDOWS\System32\msvcp_win.dll
0x00007ffa5ec20000 - 0x00007ffa5ed20000 	C:\WINDOWS\System32\ucrtbase.dll
0x00007ffa40820000 - 0x00007ffa40aba000 	C:\WINDOWS\WinSxS\amd64_microsoft.windows.common-controls_6595b64144ccf1df_6.0.19041.1110_none_60b5254171f9507e\COMCTL32.dll
0x00007ffa60870000 - 0x00007ffa608a2000 	C:\WINDOWS\System32\IMM32.DLL
0x00007ffa4a2d0000 - 0x00007ffa4a2e5000 	C:\Program Files\Java\jdk1.8.0_261\jre\bin\vcruntime140.dll
0x00007ffa19eb0000 - 0x00007ffa19f4b000 	C:\Program Files\Java\jdk1.8.0_261\jre\bin\msvcp140.dll
0x0000000065fd0000 - 0x000000006683c000 	C:\Program Files\Java\jdk1.8.0_261\jre\bin\server\jvm.dll
0x00007ffa5f3b0000 - 0x00007ffa5f3b8000 	C:\WINDOWS\System32\PSAPI.DLL
0x00007ffa54d40000 - 0x00007ffa54d4a000 	C:\WINDOWS\SYSTEM32\VERSION.dll
0x00007ffa50d60000 - 0x00007ffa50d69000 	C:\WINDOWS\SYSTEM32\WSOCK32.dll
0x00007ffa3ea20000 - 0x00007ffa3ea47000 	C:\WINDOWS\SYSTEM32\WINMM.dll
0x00007ffa5f340000 - 0x00007ffa5f3ab000 	C:\WINDOWS\System32\WS2_32.dll
0x00007ffa5d160000 - 0x00007ffa5d172000 	C:\WINDOWS\SYSTEM32\kernel.appcore.dll
0x00007ffa4c550000 - 0x00007ffa4c560000 	C:\Program Files\Java\jdk1.8.0_261\jre\bin\verify.dll
0x00007ffa3ae10000 - 0x00007ffa3ae3b000 	C:\Program Files\Java\jdk1.8.0_261\jre\bin\java.dll
0x00007ffa3ee60000 - 0x00007ffa3ee78000 	C:\Program Files\Java\jdk1.8.0_261\jre\bin\zip.dll
0x00007ffa5f3c0000 - 0x00007ffa5fb03000 	C:\WINDOWS\System32\SHELL32.dll
0x00007ffa5c9b0000 - 0x00007ffa5d142000 	C:\WINDOWS\SYSTEM32\windows.storage.dll
0x00007ffa5ff70000 - 0x00007ffa602c4000 	C:\WINDOWS\System32\combase.dll
0x00007ffa5e370000 - 0x00007ffa5e3a0000 	C:\WINDOWS\SYSTEM32\Wldp.dll
0x00007ffa60660000 - 0x00007ffa6070d000 	C:\WINDOWS\System32\SHCORE.dll
0x00007ffa60e10000 - 0x00007ffa60e65000 	C:\WINDOWS\System32\shlwapi.dll
0x00007ffa5e850000 - 0x00007ffa5e86f000 	C:\WINDOWS\SYSTEM32\profapi.dll
0x00007ffa52210000 - 0x00007ffa5221d000 	C:\Program Files\Java\jdk1.8.0_261\jre\bin\management.dll
0x00007ffa3c1d0000 - 0x00007ffa3c1ec000 	C:\Program Files\Java\jdk1.8.0_261\jre\bin\net.dll
0x00007ffa5e060000 - 0x00007ffa5e0ca000 	C:\WINDOWS\system32\mswsock.dll
0x00007ffa48980000 - 0x00007ffa48997000 	C:\WINDOWS\system32\napinsp.dll
0x00007ffa44d80000 - 0x00007ffa44d9b000 	C:\WINDOWS\system32\pnrpnsp.dll
0x00007ffa584e0000 - 0x00007ffa584f5000 	C:\WINDOWS\system32\wshbth.dll
0x00007ffa58010000 - 0x00007ffa5802d000 	C:\WINDOWS\system32\NLAapi.dll
0x00007ffa5dd50000 - 0x00007ffa5dd8b000 	C:\WINDOWS\SYSTEM32\IPHLPAPI.DLL
0x00007ffa5dd90000 - 0x00007ffa5de5a000 	C:\WINDOWS\SYSTEM32\DNSAPI.dll
0x00007ffa60650000 - 0x00007ffa60658000 	C:\WINDOWS\System32\NSI.dll
0x00007ffa44d60000 - 0x00007ffa44d72000 	C:\WINDOWS\System32\winrnr.dll
0x00007ffa566f0000 - 0x00007ffa566fa000 	C:\Windows\System32\rasadhlp.dll
0x00007ffa55460000 - 0x00007ffa554e0000 	C:\WINDOWS\System32\fwpuclnt.dll
0x00007ffa5e960000 - 0x00007ffa5e987000 	C:\WINDOWS\System32\bcrypt.dll
0x00007ffa3b0b0000 - 0x00007ffa3b0c3000 	C:\Program Files\Java\jdk1.8.0_261\jre\bin\nio.dll
0x00007ffa5e250000 - 0x00007ffa5e268000 	C:\WINDOWS\SYSTEM32\CRYPTSP.dll
0x00007ffa5d910000 - 0x00007ffa5d944000 	C:\WINDOWS\system32\rsaenh.dll
0x00007ffa5e810000 - 0x00007ffa5e83e000 	C:\WINDOWS\SYSTEM32\USERENV.dll
0x00007ffa5eb90000 - 0x00007ffa5ec12000 	C:\WINDOWS\System32\bcryptprimitives.dll
0x00007ffa5e270000 - 0x00007ffa5e27c000 	C:\WINDOWS\SYSTEM32\CRYPTBASE.dll
0x00007ffa56e60000 - 0x00007ffa56e77000 	C:\WINDOWS\SYSTEM32\dhcpcsvc6.DLL
0x00007ffa56d50000 - 0x00007ffa56d6d000 	C:\WINDOWS\SYSTEM32\dhcpcsvc.DLL
0x00007ffa3afa0000 - 0x00007ffa3afc4000 	C:\Program Files\Java\jdk1.8.0_261\jre\bin\sunec.dll
0x00007ffa56270000 - 0x00007ffa5627d000 	C:\Program Files\Java\jdk1.8.0_261\jre\bin\sunmscapi.dll
0x00007ffa5ea30000 - 0x00007ffa5eb86000 	C:\WINDOWS\System32\CRYPT32.dll
0x00007ffa5e3e0000 - 0x00007ffa5e407000 	C:\WINDOWS\SYSTEM32\ncrypt.dll
0x00007ffa5e3a0000 - 0x00007ffa5e3db000 	C:\WINDOWS\SYSTEM32\NTASN1.dll
0x00007ffa5c690000 - 0x00007ffa5c874000 	C:\WINDOWS\SYSTEM32\dbghelp.dll

VM Arguments:
jvm_args: -Xverify:none -XX:TieredStopAtLevel=1 
java_command: com.at.qplus.QplusApplication
java_class_path (initial): C:\Users\dell\Desktop\q plus\project\qplus back\target\classes;C:\Users\dell\.m2\repository\org\springframework\boot\spring-boot\2.7.3\spring-boot-2.7.3.jar;C:\Users\dell\.m2\repository\org\springframework\boot\spring-boot-autoconfigure\2.7.3\spring-boot-autoconfigure-2.7.3.jar;C:\Users\dell\.m2\repository\ch\qos\logback\logback-classic\1.2.11\logback-classic-1.2.11.jar;C:\Users\dell\.m2\repository\ch\qos\logback\logback-core\1.2.11\logback-core-1.2.11.jar;C:\Users\dell\.m2\repository\org\apache\logging\log4j\log4j-to-slf4j\2.17.2\log4j-to-slf4j-2.17.2.jar;C:\Users\dell\.m2\repository\org\apache\logging\log4j\log4j-api\2.17.2\log4j-api-2.17.2.jar;C:\Users\dell\.m2\repository\org\slf4j\jul-to-slf4j\1.7.36\jul-to-slf4j-1.7.36.jar;C:\Users\dell\.m2\repository\jakarta\annotation\jakarta.annotation-api\1.3.5\jakarta.annotation-api-1.3.5.jar;C:\Users\dell\.m2\repository\org\yaml\snakeyaml\1.30\snakeyaml-1.30.jar;C:\Users\dell\.m2\repository\org\springframework\spring-context-support\5.3.22\spring-context-support-5.3.22.jar;C:\Users\dell\.m2\repository\org\springframework\spring-beans\5.3.22\spring-beans-5.3.22.jar;C:\Users\dell\.m2\repository\org\springframework\spring-context\5.3.22\spring-context-5.3.22.jar;C:\Users\dell\.m2\repository\com\sun\mail\jakarta.mail\1.6.7\jakarta.mail-1.6.7.jar;C:\Users\dell\.m2\repository\com\sun\activation\jakarta.activation\1.2.2\jakarta.activation-1.2.2.jar;C:\Users\dell\.m2\repository\org\springframework\spring-aop\5.3.22\spring-aop-5.3.22.jar;C:\Users\dell\.m2\repository\org\springframework\security\spring-security-config\5.7.3\spring-security-config-5.7.3.jar;C:\Users\dell\.m2\repository\org\springframework\security\spring-security-web\5.7.3\spring-security-web-5.7.3.jar;C:\Users\dell\.m2\repository\org\springframework\spring-expression\5.3.22\spring-expression-5.3.22.jar;C:\Users\dell\.m2\repository\com\fasterxml\jackson\core\jackson-databind\2.13.3\jackson-databind-2.13.3.jar;C:\Users\dell\.m2\repository
Launcher Type: SUN_STANDARD

Environment Variables:
JAVA_HOME=C:\Program Files\Java\jdk1.8.0_261\
PATH=C:\WINDOWS\system32;C:\WINDOWS;C:\WINDOWS\System32\Wbem;C:\WINDOWS\System32\WindowsPowerShell\v1.0\;C:\WINDOWS\System32\OpenSSH\;C:\Program Files\PuTTY\;C:\Program Files\Java\jdk1.8.0_261\bin;C:\Program Files\dotnet\;C:\Program Files\Git\cmd;C:\Program Files\nodejs\;C:\Users\dell\AppData\Local\Microsoft\WindowsApps;;C:\Users\dell\AppData\Local\Programs\Microsoft VS Code\bin;C:\Users\dell\AppData\Roaming\npm
USERNAME=dell
OS=Windows_NT
PROCESSOR_IDENTIFIER=Intel64 Family 6 Model 142 Stepping 12, GenuineIntel



---------------  S Y S T E M  ---------------

OS: Windows 10.0 , 64 bit Build 19041 (10.0.19041.2251)

CPU:total 8 (initial active 8) (4 cores per cpu, 2 threads per core) family 6 model 142 stepping 12, cmov, cx8, fxsr, mmx, sse, sse2, sse3, ssse3, sse4.1, sse4.2, popcnt, avx, avx2, aes, clmul, erms, rtm, 3dnowpref, lzcnt, ht, tsc, tscinvbit, bmi1, bmi2, adx

Memory: 4k page, physical 16587224k(8353832k free), swap 21830104k(8043068k free)

vm_info: Java HotSpot(TM) 64-Bit Server VM (25.261-b12) for windows-amd64 JRE (1.8.0_261-b12), built on Jun 18 2020 06:56:32 by "" with unknown MS VC++:1916

time: Tue Dec 13 10:25:28 2022
timezone: Afr. centrale Ouest
elapsed time: 225 seconds (0d 0h 3m 45s)

